D:\TownShop\TownWeb\API\client\dist\out-tsc\app\core\not-found\not-found.component.js
D:\TownShop\TownWeb\API\client\dist\out-tsc\app\core\not-found\not-found.component.js.map
D:\TownShop\TownWeb\API\client\dist\out-tsc\app\core\server-error\server-error.component.js
D:\TownShop\TownWeb\API\client\dist\out-tsc\app\core\server-error\server-error.component.js.map
D:\TownShop\TownWeb\API\client\dist\out-tsc\environments\environment.js
D:\TownShop\TownWeb\API\client\dist\out-tsc\environments\environment.js.map
D:\TownShop\TownWeb\API\client\dist\out-tsc\app\core\test-error\test-error.component.js
D:\TownShop\TownWeb\API\client\dist\out-tsc\app\core\test-error\test-error.component.js.map
D:\TownShop\TownWeb\API\client\dist\out-tsc\app\home.component.js
D:\TownShop\TownWeb\API\client\dist\out-tsc\app\home.component.js.map
D:\TownShop\TownWeb\API\client\dist\out-tsc\app\shared\models\basket.js
D:\TownShop\TownWeb\API\client\dist\out-tsc\app\shared\models\basket.js.map
D:\TownShop\TownWeb\API\client\dist\out-tsc\app\shared\models\product.js
D:\TownShop\TownWeb\API\client\dist\out-tsc\app\shared\models\product.js.map
D:\TownShop\TownWeb\API\client\dist\out-tsc\app\basket\basket.service.js
D:\TownShop\TownWeb\API\client\dist\out-tsc\app\basket\basket.service.js.map
D:\TownShop\TownWeb\API\client\dist\out-tsc\app\shared\models\brand.js
D:\TownShop\TownWeb\API\client\dist\out-tsc\app\shared\models\brand.js.map
D:\TownShop\TownWeb\API\client\dist\out-tsc\app\shared\models\pagination.js
D:\TownShop\TownWeb\API\client\dist\out-tsc\app\shared\models\pagination.js.map
D:\TownShop\TownWeb\API\client\dist\out-tsc\app\shared\models\productType.js
D:\TownShop\TownWeb\API\client\dist\out-tsc\app\shared\models\productType.js.map
D:\TownShop\TownWeb\API\client\dist\out-tsc\app\shared\models\shopParams.js
D:\TownShop\TownWeb\API\client\dist\out-tsc\app\shared\models\shopParams.js.map
D:\TownShop\TownWeb\API\client\dist\out-tsc\app\shop\shop.service.js
D:\TownShop\TownWeb\API\client\dist\out-tsc\app\shop\shop.service.js.map
D:\TownShop\TownWeb\API\client\dist\out-tsc\app\shop\product-details\product-details.component.js
D:\TownShop\TownWeb\API\client\dist\out-tsc\app\shop\product-details\product-details.component.js.map
D:\TownShop\TownWeb\API\client\dist\out-tsc\app\shop\shop.component.js
D:\TownShop\TownWeb\API\client\dist\out-tsc\app\shop\shop.component.js.map
D:\TownShop\TownWeb\API\client\dist\out-tsc\app\shop\product-item\product-item.component.js
D:\TownShop\TownWeb\API\client\dist\out-tsc\app\shop\product-item\product-item.component.js.map
D:\TownShop\TownWeb\API\client\dist\out-tsc\app\shared\components\paging-header\paging-header.component.js
D:\TownShop\TownWeb\API\client\dist\out-tsc\app\shared\components\paging-header\paging-header.component.js.map
D:\TownShop\TownWeb\API\client\dist\out-tsc\app\shared\components\order-totals\order-totals.component.js
D:\TownShop\TownWeb\API\client\dist\out-tsc\app\shared\components\order-totals\order-totals.component.js.map
D:\TownShop\TownWeb\API\client\dist\out-tsc\app\shared\shared.module.js
D:\TownShop\TownWeb\API\client\dist\out-tsc\app\shared\shared.module.js.map
D:\TownShop\TownWeb\API\client\dist\out-tsc\app\shop\shop-routing.module.js
D:\TownShop\TownWeb\API\client\dist\out-tsc\app\shop\shop-routing.module.js.map
D:\TownShop\TownWeb\API\client\dist\out-tsc\app\shop\shop.module.js
D:\TownShop\TownWeb\API\client\dist\out-tsc\app\shop\shop.module.js.map
D:\TownShop\TownWeb\API\client\dist\out-tsc\app\basket\basket.component.js
D:\TownShop\TownWeb\API\client\dist\out-tsc\app\basket\basket.component.js.map
D:\TownShop\TownWeb\API\client\dist\out-tsc\app\basket\basket-routing.module.js
D:\TownShop\TownWeb\API\client\dist\out-tsc\app\basket\basket-routing.module.js.map
D:\TownShop\TownWeb\API\client\dist\out-tsc\app\basket\basket.module.js
D:\TownShop\TownWeb\API\client\dist\out-tsc\app\basket\basket.module.js.map
D:\TownShop\TownWeb\API\client\dist\out-tsc\app\checkout\checkout.component.js
D:\TownShop\TownWeb\API\client\dist\out-tsc\app\checkout\checkout.component.js.map
D:\TownShop\TownWeb\API\client\dist\out-tsc\app\checkout\checkout-routing.module.js
D:\TownShop\TownWeb\API\client\dist\out-tsc\app\checkout\checkout-routing.module.js.map
D:\TownShop\TownWeb\API\client\dist\out-tsc\app\checkout\checkout.module.js
D:\TownShop\TownWeb\API\client\dist\out-tsc\app\checkout\checkout.module.js.map
D:\TownShop\TownWeb\API\client\dist\out-tsc\app\app-routing.module.js
D:\TownShop\TownWeb\API\client\dist\out-tsc\app\app-routing.module.js.map
D:\TownShop\TownWeb\API\client\dist\out-tsc\app\app.component.js
D:\TownShop\TownWeb\API\client\dist\out-tsc\app\app.component.js.map
D:\TownShop\TownWeb\API\client\dist\out-tsc\app\core\nav-bar\nav-bar.component.js
D:\TownShop\TownWeb\API\client\dist\out-tsc\app\core\nav-bar\nav-bar.component.js.map
D:\TownShop\TownWeb\API\client\dist\out-tsc\app\core\core.module.js
D:\TownShop\TownWeb\API\client\dist\out-tsc\app\core\core.module.js.map
D:\TownShop\TownWeb\API\client\dist\out-tsc\app\home\home.module.js
D:\TownShop\TownWeb\API\client\dist\out-tsc\app\home\home.module.js.map
D:\TownShop\TownWeb\API\client\dist\out-tsc\app\core\Interceptors\error.interceptor.js
D:\TownShop\TownWeb\API\client\dist\out-tsc\app\core\Interceptors\error.interceptor.js.map
D:\TownShop\TownWeb\API\client\dist\out-tsc\app\app.module.js
D:\TownShop\TownWeb\API\client\dist\out-tsc\app\app.module.js.map
D:\TownShop\TownWeb\API\client\dist\out-tsc\main.js
D:\TownShop\TownWeb\API\client\dist\out-tsc\main.js.map
D:\TownShop\TownWeb\API\client\dist\out-tsc\polyfills.js
D:\TownShop\TownWeb\API\client\dist\out-tsc\polyfills.js.map
D:\TownShop\TownWeb\API\client\dist\out-tsc\test.js
D:\TownShop\TownWeb\API\client\dist\out-tsc\test.js.map
D:\TownShop\TownWeb\API\client\dist\out-tsc\app\app.component.spec.js
D:\TownShop\TownWeb\API\client\dist\out-tsc\app\app.component.spec.js.map
D:\TownShop\TownWeb\API\client\dist\out-tsc\app\checkout\checkout.service.js
D:\TownShop\TownWeb\API\client\dist\out-tsc\app\checkout\checkout.service.js.map
D:\TownShop\TownWeb\API\client\dist\out-tsc\environments\environment.prod.js
D:\TownShop\TownWeb\API\client\dist\out-tsc\environments\environment.prod.js.map
